2022-02-14 23:27:11,753 - basicLogger - INFO - Start Periodic Processing (ID: 631aa8d6-7fac-436d-9af5-755f88aa61db)
2022-02-14 23:27:17,523 - basicLogger - INFO - No Data Updated (ID: 631aa8d6-7fac-436d-9af5-755f88aa61db)
2022-02-14 23:27:21,757 - basicLogger - INFO - Start Periodic Processing (ID: 2a4cab38-5661-41be-b42d-c9a636c5445c)
2022-02-14 23:27:26,468 - basicLogger - INFO - No Data Updated (ID: 2a4cab38-5661-41be-b42d-c9a636c5445c)
2022-02-14 23:27:26,750 - basicLogger - INFO - Start Periodic Processing (ID: 2ed831db-924f-4e62-b439-a84f1cdc9235)
2022-02-14 23:27:31,453 - basicLogger - INFO - No Data Updated (ID: 2ed831db-924f-4e62-b439-a84f1cdc9235)
2022-02-14 23:27:31,754 - basicLogger - INFO - Start Periodic Processing (ID: 59f88c13-5721-460e-ac03-958bafed7939)
2022-02-14 23:27:36,409 - basicLogger - INFO - No Data Updated (ID: 59f88c13-5721-460e-ac03-958bafed7939)
2022-02-14 23:27:36,752 - basicLogger - INFO - Start Periodic Processing (ID: 1d03a710-2cda-480c-aaad-cf8f2c524c44)
2022-02-14 23:27:41,470 - basicLogger - INFO - No Data Updated (ID: 1d03a710-2cda-480c-aaad-cf8f2c524c44)
2022-02-14 23:27:41,759 - basicLogger - INFO - Start Periodic Processing (ID: abf7fc38-5e3e-440a-938b-a8cdf5573bb1)
2022-02-14 23:27:46,395 - basicLogger - INFO - No Data Updated (ID: abf7fc38-5e3e-440a-938b-a8cdf5573bb1)
2022-02-14 23:27:46,748 - basicLogger - INFO - Start Periodic Processing (ID: 22379e21-4584-46a4-9a98-985f6c1bfab7)
2022-02-14 23:27:51,299 - basicLogger - INFO - No Data Updated (ID: 22379e21-4584-46a4-9a98-985f6c1bfab7)
2022-02-14 23:27:51,752 - basicLogger - INFO - Start Periodic Processing (ID: 92c3960e-4426-437a-99d4-6d88de654453)
2022-02-14 23:27:56,404 - basicLogger - INFO - Finish Periodic Processing Successfully (ID: 92c3960e-4426-437a-99d4-6d88de654453)
2022-02-14 23:27:56,761 - basicLogger - INFO - Start Periodic Processing (ID: 50949c20-016d-46ac-b255-d2e979fca5e5)
2022-02-14 23:28:01,410 - basicLogger - INFO - Finish Periodic Processing Successfully (ID: 50949c20-016d-46ac-b255-d2e979fca5e5)
2022-02-14 23:28:01,760 - basicLogger - INFO - Start Periodic Processing (ID: f5e993bc-2c41-4edd-a966-cd224e444a57)
2022-02-14 23:28:06,333 - basicLogger - INFO - Finish Periodic Processing Successfully (ID: f5e993bc-2c41-4edd-a966-cd224e444a57)
2022-02-14 23:28:06,750 - basicLogger - INFO - Start Periodic Processing (ID: b8dec278-3738-4525-9238-34a3eb0ca52f)
2022-02-14 23:28:11,248 - basicLogger - INFO - Finish Periodic Processing Successfully (ID: b8dec278-3738-4525-9238-34a3eb0ca52f)
2022-02-14 23:28:11,756 - basicLogger - INFO - Start Periodic Processing (ID: 32f38986-48a9-4777-8e77-40bd3b2f5d5b)
2022-02-14 23:28:16,318 - basicLogger - INFO - Finish Periodic Processing Successfully (ID: 32f38986-48a9-4777-8e77-40bd3b2f5d5b)
2022-02-14 23:28:16,747 - basicLogger - INFO - Start Periodic Processing (ID: 49e051d8-1d5b-4f64-adf6-847fa6ac800e)
2022-02-14 23:28:21,311 - basicLogger - INFO - Finish Periodic Processing Successfully (ID: 49e051d8-1d5b-4f64-adf6-847fa6ac800e)
2022-02-14 23:28:21,750 - basicLogger - INFO - Start Periodic Processing (ID: c710bdf7-3371-49b2-acdc-20c65ecdf9a8)
2022-02-14 23:28:26,354 - basicLogger - INFO - Finish Periodic Processing Successfully (ID: c710bdf7-3371-49b2-acdc-20c65ecdf9a8)
2022-02-14 23:28:26,753 - basicLogger - INFO - Start Periodic Processing (ID: d5254e43-374f-4354-8646-67fe0e8bb30a)
2022-02-14 23:28:31,638 - basicLogger - INFO - Finish Periodic Processing Successfully (ID: d5254e43-374f-4354-8646-67fe0e8bb30a)
2022-02-14 23:28:31,751 - basicLogger - INFO - Start Periodic Processing (ID: e93f4092-ec4e-48eb-bb35-60fc3733ec1e)
2022-02-14 23:28:36,290 - basicLogger - INFO - Finish Periodic Processing Successfully (ID: e93f4092-ec4e-48eb-bb35-60fc3733ec1e)
2022-02-14 23:28:36,756 - basicLogger - INFO - Start Periodic Processing (ID: 819046f6-a994-4e3b-8a30-68c362625939)
2022-02-14 23:28:41,247 - basicLogger - INFO - Finish Periodic Processing Successfully (ID: 819046f6-a994-4e3b-8a30-68c362625939)
2022-02-14 23:28:41,753 - basicLogger - INFO - Start Periodic Processing (ID: ac9e43a0-4c49-4c5a-b4f9-78df64c3a386)
2022-02-14 23:28:46,367 - basicLogger - INFO - No Data Updated (ID: ac9e43a0-4c49-4c5a-b4f9-78df64c3a386)
2022-02-14 23:28:46,747 - basicLogger - INFO - Start Periodic Processing (ID: 05bda6e0-ff08-4a85-8a3d-7c11f28f8ec7)
2022-02-14 23:28:51,336 - basicLogger - INFO - No Data Updated (ID: 05bda6e0-ff08-4a85-8a3d-7c11f28f8ec7)
2022-02-14 23:28:51,755 - basicLogger - INFO - Start Periodic Processing (ID: 8885d0b9-79a0-44e0-acce-d4bf85ed8b7f)
2022-02-14 23:28:56,308 - basicLogger - INFO - No Data Updated (ID: 8885d0b9-79a0-44e0-acce-d4bf85ed8b7f)
2022-02-14 23:28:56,760 - basicLogger - INFO - Start Periodic Processing (ID: 04f3a491-4586-47de-8f40-b1a5f5e4baf0)
2022-02-14 23:29:01,332 - basicLogger - INFO - No Data Updated (ID: 04f3a491-4586-47de-8f40-b1a5f5e4baf0)
2022-02-14 23:29:01,751 - basicLogger - INFO - Start Periodic Processing (ID: 5623999a-216c-4aa0-a3ef-b62b2c35718f)
2022-02-14 23:29:06,565 - basicLogger - INFO - No Data Updated (ID: 5623999a-216c-4aa0-a3ef-b62b2c35718f)
2022-02-14 23:29:06,755 - basicLogger - INFO - Start Periodic Processing (ID: 990674ef-5e47-4826-9563-5adcc5544d24)
2022-02-14 23:29:11,309 - basicLogger - INFO - No Data Updated (ID: 990674ef-5e47-4826-9563-5adcc5544d24)
2022-02-14 23:29:11,757 - basicLogger - INFO - Start Periodic Processing (ID: 7177bc45-ac12-4bc0-b3c9-999bd33518c4)
2022-02-14 23:29:16,412 - basicLogger - INFO - No Data Updated (ID: 7177bc45-ac12-4bc0-b3c9-999bd33518c4)
2022-02-14 23:29:16,749 - basicLogger - INFO - Start Periodic Processing (ID: 3da7948f-eb6b-4de9-b8b3-a6f95cf97511)
2022-02-14 23:29:21,282 - basicLogger - INFO - No Data Updated (ID: 3da7948f-eb6b-4de9-b8b3-a6f95cf97511)
2022-02-14 23:29:21,760 - basicLogger - INFO - Start Periodic Processing (ID: d30f838f-0aa4-4cd4-88dc-2a9b531e2e65)
2022-02-14 23:29:26,287 - basicLogger - INFO - No Data Updated (ID: d30f838f-0aa4-4cd4-88dc-2a9b531e2e65)
2022-02-14 23:29:26,762 - basicLogger - INFO - Start Periodic Processing (ID: 7aacfda1-ac47-4789-adcf-5fc5e867c4ee)
2022-02-14 23:29:31,308 - basicLogger - INFO - No Data Updated (ID: 7aacfda1-ac47-4789-adcf-5fc5e867c4ee)
2022-02-14 23:29:31,748 - basicLogger - INFO - Start Periodic Processing (ID: 7d153dd0-9a71-4cb9-bb35-5c71bd6419b9)
2022-02-14 23:29:36,349 - basicLogger - INFO - No Data Updated (ID: 7d153dd0-9a71-4cb9-bb35-5c71bd6419b9)
2022-02-14 23:29:36,753 - basicLogger - INFO - Start Periodic Processing (ID: d9a9301c-b660-4a35-9356-c9aa4609c015)
2022-02-14 23:29:41,311 - basicLogger - INFO - No Data Updated (ID: d9a9301c-b660-4a35-9356-c9aa4609c015)
2022-02-14 23:29:41,758 - basicLogger - INFO - Start Periodic Processing (ID: e1ec7c6e-a778-43a9-84ef-ea6e88f6adc6)
2022-02-14 23:29:46,431 - basicLogger - INFO - No Data Updated (ID: e1ec7c6e-a778-43a9-84ef-ea6e88f6adc6)
2022-02-14 23:29:46,750 - basicLogger - INFO - Start Periodic Processing (ID: 730e1d30-4e41-4581-9328-fd4fe3be96da)
2022-02-14 23:29:51,276 - basicLogger - INFO - No Data Updated (ID: 730e1d30-4e41-4581-9328-fd4fe3be96da)
2022-02-14 23:29:51,754 - basicLogger - INFO - Start Periodic Processing (ID: 12e8e6ad-def3-4558-846c-c10e093f1705)
2022-02-14 23:29:56,365 - basicLogger - INFO - No Data Updated (ID: 12e8e6ad-def3-4558-846c-c10e093f1705)
2022-02-14 23:29:56,761 - basicLogger - INFO - Start Periodic Processing (ID: 5595d013-6ca4-44c8-8009-553f7a9a302a)
2022-02-14 23:30:01,491 - basicLogger - INFO - No Data Updated (ID: 5595d013-6ca4-44c8-8009-553f7a9a302a)
2022-02-14 23:30:01,759 - basicLogger - INFO - Start Periodic Processing (ID: 13438d56-8a2e-4567-931b-bfe00bda5618)
2022-02-14 23:30:06,381 - basicLogger - INFO - No Data Updated (ID: 13438d56-8a2e-4567-931b-bfe00bda5618)
2022-02-14 23:30:06,751 - basicLogger - INFO - Start Periodic Processing (ID: ae4b6b05-22d0-48b4-b2b6-3be71bb982e8)
2022-02-14 23:30:11,273 - basicLogger - INFO - No Data Updated (ID: ae4b6b05-22d0-48b4-b2b6-3be71bb982e8)
2022-02-14 23:30:11,748 - basicLogger - INFO - Start Periodic Processing (ID: cbec78d0-0d76-469f-8285-73301208b101)
2022-02-14 23:30:16,262 - basicLogger - INFO - No Data Updated (ID: cbec78d0-0d76-469f-8285-73301208b101)
2022-02-14 23:30:16,753 - basicLogger - INFO - Start Periodic Processing (ID: f922c4e1-f269-41c8-af57-0d077bc6c701)
2022-02-14 23:30:21,352 - basicLogger - INFO - No Data Updated (ID: f922c4e1-f269-41c8-af57-0d077bc6c701)
2022-02-14 23:30:21,756 - basicLogger - INFO - Start Periodic Processing (ID: b900a061-c39c-4dd9-b686-11048fd1d6d2)
2022-02-14 23:30:26,299 - basicLogger - INFO - No Data Updated (ID: b900a061-c39c-4dd9-b686-11048fd1d6d2)
2022-02-14 23:30:26,757 - basicLogger - INFO - Start Periodic Processing (ID: 227d3101-fc2d-4883-9689-fdb86b70276f)
2022-02-14 23:30:31,343 - basicLogger - INFO - No Data Updated (ID: 227d3101-fc2d-4883-9689-fdb86b70276f)
2022-02-14 23:30:31,753 - basicLogger - INFO - Start Periodic Processing (ID: 2737c8b1-c170-4d39-bd71-eafc320e1b56)
2022-02-14 23:30:36,445 - basicLogger - INFO - No Data Updated (ID: 2737c8b1-c170-4d39-bd71-eafc320e1b56)
2022-02-17 13:53:37,700 - basicLogger - INFO - Start Periodic Processing (ID: 08b289a2-8784-4cda-8af2-3b9f21461d1e)
2022-02-17 13:53:42,133 - basicLogger - INFO - Periodic Processing Not Working (ID: 08b289a2-8784-4cda-8af2-3b9f21461d1e)
2022-02-17 13:53:42,709 - basicLogger - INFO - Start Periodic Processing (ID: de6910ae-7781-40b2-a1a0-8479d8d153fe)
2022-02-17 13:53:47,051 - basicLogger - INFO - Periodic Processing Not Working (ID: de6910ae-7781-40b2-a1a0-8479d8d153fe)
2022-02-17 13:53:47,693 - basicLogger - INFO - Start Periodic Processing (ID: 755a7eeb-bfb8-438a-99c2-177a3b47e945)
2022-02-17 13:53:52,092 - basicLogger - INFO - Periodic Processing Not Working (ID: 755a7eeb-bfb8-438a-99c2-177a3b47e945)
2022-02-17 13:59:43,704 - basicLogger - INFO - Start Periodic Processing (ID: d28b208c-a41c-4b83-9326-93dbb5059c30)
2022-02-17 13:59:49,090 - basicLogger - INFO - No Data Updated (ID: d28b208c-a41c-4b83-9326-93dbb5059c30)
2022-02-17 13:59:53,696 - basicLogger - INFO - Start Periodic Processing (ID: 77258e19-ca72-4461-9ddb-fc47cb035913)
2022-02-17 13:59:58,203 - basicLogger - INFO - No Data Updated (ID: 77258e19-ca72-4461-9ddb-fc47cb035913)
2022-02-17 13:59:58,700 - basicLogger - INFO - Start Periodic Processing (ID: 26afaeda-725f-4907-a2af-6796b3515a8d)
2022-02-17 14:00:03,207 - basicLogger - INFO - No Data Updated (ID: 26afaeda-725f-4907-a2af-6796b3515a8d)
2022-02-17 14:00:03,701 - basicLogger - INFO - Start Periodic Processing (ID: cfa46bb2-eea0-4339-938f-956195a1ab82)
2022-02-17 14:00:08,194 - basicLogger - INFO - No Data Updated (ID: cfa46bb2-eea0-4339-938f-956195a1ab82)
2022-02-17 14:00:08,708 - basicLogger - INFO - Start Periodic Processing (ID: 875273e1-57b3-4328-9b76-67f48b1f07b6)
2022-02-17 14:00:13,197 - basicLogger - INFO - No Data Updated (ID: 875273e1-57b3-4328-9b76-67f48b1f07b6)
2022-02-17 14:00:13,692 - basicLogger - INFO - Start Periodic Processing (ID: 37c4f847-e83a-418f-a331-0979f18a5c47)
2022-02-17 14:00:18,215 - basicLogger - INFO - No Data Updated (ID: 37c4f847-e83a-418f-a331-0979f18a5c47)
2022-02-17 14:00:18,692 - basicLogger - INFO - Start Periodic Processing (ID: b3a8bdd5-1311-4d26-8b53-5785e0d856e0)
2022-02-17 14:00:23,219 - basicLogger - INFO - No Data Updated (ID: b3a8bdd5-1311-4d26-8b53-5785e0d856e0)
2022-02-17 14:00:23,699 - basicLogger - INFO - Start Periodic Processing (ID: 22d33eb7-695e-4d89-861a-6ece5e6840f3)
2022-02-17 14:00:28,197 - basicLogger - INFO - No Data Updated (ID: 22d33eb7-695e-4d89-861a-6ece5e6840f3)
2022-02-17 14:00:28,697 - basicLogger - INFO - Start Periodic Processing (ID: c5e0035e-ac9f-4ec9-873d-b15c99f1cdc6)
2022-02-17 14:00:33,202 - basicLogger - INFO - No Data Updated (ID: c5e0035e-ac9f-4ec9-873d-b15c99f1cdc6)
2022-02-17 14:00:33,697 - basicLogger - INFO - Start Periodic Processing (ID: 444f28de-a746-419e-8d8c-70ba9a6414f6)
2022-02-17 14:00:38,216 - basicLogger - INFO - No Data Updated (ID: 444f28de-a746-419e-8d8c-70ba9a6414f6)
2022-02-17 14:00:38,699 - basicLogger - INFO - Start Periodic Processing (ID: 909f09cb-697e-4146-80c4-ac040e76507c)
2022-02-17 14:00:43,184 - basicLogger - INFO - No Data Updated (ID: 909f09cb-697e-4146-80c4-ac040e76507c)
2022-02-17 14:00:43,692 - basicLogger - INFO - Start Periodic Processing (ID: 25e7303b-2e86-4200-a22e-452e242fb63e)
2022-02-17 14:00:48,281 - basicLogger - INFO - No Data Updated (ID: 25e7303b-2e86-4200-a22e-452e242fb63e)
2022-02-17 14:00:48,700 - basicLogger - INFO - Start Periodic Processing (ID: a36f0df3-e0f2-4236-81be-d9bfa15f20c5)
2022-02-17 14:00:53,248 - basicLogger - INFO - No Data Updated (ID: a36f0df3-e0f2-4236-81be-d9bfa15f20c5)
2022-02-17 14:00:53,693 - basicLogger - INFO - Start Periodic Processing (ID: df77ea89-0991-4ee3-92c7-3033782d661a)
2022-02-17 14:00:58,189 - basicLogger - INFO - No Data Updated (ID: df77ea89-0991-4ee3-92c7-3033782d661a)
2022-02-17 14:00:58,699 - basicLogger - INFO - Start Periodic Processing (ID: 77e2413c-9a2c-481c-91b0-73e9fa5d8313)
2022-02-17 14:01:03,187 - basicLogger - INFO - No Data Updated (ID: 77e2413c-9a2c-481c-91b0-73e9fa5d8313)
2022-02-17 14:01:03,692 - basicLogger - INFO - Start Periodic Processing (ID: d421267d-28f8-4c73-81f3-f724f5f8ee98)
2022-02-17 14:01:08,226 - basicLogger - INFO - No Data Updated (ID: d421267d-28f8-4c73-81f3-f724f5f8ee98)
2022-02-17 14:01:08,698 - basicLogger - INFO - Start Periodic Processing (ID: d2192816-85c3-4cb9-8bb8-b0e51057ad2c)
2022-02-17 14:01:13,229 - basicLogger - INFO - No Data Updated (ID: d2192816-85c3-4cb9-8bb8-b0e51057ad2c)
2022-02-17 14:01:55,775 - basicLogger - INFO - Start Periodic Processing (ID: d9b80da8-1f21-4663-bf4f-048ff1f0c19d)
2022-02-17 14:02:00,317 - basicLogger - INFO - Finish Periodic Processing Successfully (ID: d9b80da8-1f21-4663-bf4f-048ff1f0c19d)
2022-02-17 14:02:00,783 - basicLogger - INFO - Start Periodic Processing (ID: e2922b4b-acdb-4229-97db-3e8f9218d8ab)
2022-02-17 14:02:05,283 - basicLogger - INFO - No Data Updated (ID: e2922b4b-acdb-4229-97db-3e8f9218d8ab)
2022-02-17 14:02:05,781 - basicLogger - INFO - Start Periodic Processing (ID: 74da6b80-15ef-46cd-862f-08f8d5facaf1)
2022-02-17 14:02:10,270 - basicLogger - INFO - No Data Updated (ID: 74da6b80-15ef-46cd-862f-08f8d5facaf1)
2022-02-17 14:02:10,790 - basicLogger - INFO - Start Periodic Processing (ID: 3647caf5-650b-4832-ab83-92de2e6c39d7)
2022-02-17 14:02:15,289 - basicLogger - INFO - No Data Updated (ID: 3647caf5-650b-4832-ab83-92de2e6c39d7)
2022-02-17 14:02:15,778 - basicLogger - INFO - Start Periodic Processing (ID: 6ab6e05f-caf0-46c5-9c86-840b979598c0)
2022-02-17 14:02:20,336 - basicLogger - INFO - No Data Updated (ID: 6ab6e05f-caf0-46c5-9c86-840b979598c0)
2022-02-17 14:02:20,774 - basicLogger - INFO - Start Periodic Processing (ID: 5f6ff236-d39f-470b-94d2-7208557e458c)
2022-02-17 14:02:25,291 - basicLogger - INFO - No Data Updated (ID: 5f6ff236-d39f-470b-94d2-7208557e458c)
2022-02-17 14:02:25,775 - basicLogger - INFO - Start Periodic Processing (ID: c174ce59-eb48-4e45-9f06-1fae815f8248)
2022-02-17 14:02:30,288 - basicLogger - INFO - No Data Updated (ID: c174ce59-eb48-4e45-9f06-1fae815f8248)
2022-02-17 14:02:30,785 - basicLogger - INFO - Start Periodic Processing (ID: 883ecd7f-549e-4d1d-96e3-7875041d7afc)
2022-02-17 14:02:35,289 - basicLogger - INFO - No Data Updated (ID: 883ecd7f-549e-4d1d-96e3-7875041d7afc)
2022-02-17 14:02:35,781 - basicLogger - INFO - Start Periodic Processing (ID: 37de1f5c-dc35-4139-9388-b3f435aa136d)
2022-02-17 14:02:40,323 - basicLogger - INFO - No Data Updated (ID: 37de1f5c-dc35-4139-9388-b3f435aa136d)
2022-02-17 14:02:40,784 - basicLogger - INFO - Start Periodic Processing (ID: e03c9f55-1959-40b5-8ccb-cd4fe468c8fa)
2022-02-17 14:02:45,289 - basicLogger - INFO - No Data Updated (ID: e03c9f55-1959-40b5-8ccb-cd4fe468c8fa)
2022-02-17 14:02:45,778 - basicLogger - INFO - Start Periodic Processing (ID: fa5abb30-fa74-40f3-a937-11122558bc20)
2022-02-17 14:02:50,299 - basicLogger - INFO - No Data Updated (ID: fa5abb30-fa74-40f3-a937-11122558bc20)
2022-02-17 14:02:50,780 - basicLogger - INFO - Start Periodic Processing (ID: 1335dd55-7872-4e11-80da-e871898935b6)
2022-02-17 14:02:55,271 - basicLogger - INFO - No Data Updated (ID: 1335dd55-7872-4e11-80da-e871898935b6)
2022-02-17 14:02:55,783 - basicLogger - INFO - Start Periodic Processing (ID: f579e5f1-5622-436f-bca6-cc4ea54f8362)
2022-02-17 14:03:00,301 - basicLogger - INFO - No Data Updated (ID: f579e5f1-5622-436f-bca6-cc4ea54f8362)
2022-02-17 14:03:00,776 - basicLogger - INFO - Start Periodic Processing (ID: 4acd2f33-f243-4558-a3df-fb0b4d638617)
2022-02-17 14:03:05,366 - basicLogger - INFO - No Data Updated (ID: 4acd2f33-f243-4558-a3df-fb0b4d638617)
2022-02-17 14:03:05,783 - basicLogger - INFO - Start Periodic Processing (ID: 3de93217-2708-4296-b1f7-12f758991ade)
2022-02-17 14:03:10,272 - basicLogger - INFO - No Data Updated (ID: 3de93217-2708-4296-b1f7-12f758991ade)
2022-02-17 14:20:18,035 - basicLogger - INFO - Start Periodic Processing (ID: 8a596d02-dd8c-409c-8c1d-a05c30270d14)
2022-02-17 14:20:23,026 - basicLogger - INFO - Start Periodic Processing (ID: a574abae-42f5-45f6-988e-138ecf61c58b)
2022-02-17 17:13:46,053 - basicLogger - INFO - Start Periodic Processing (ID: 5412b285-a6db-4763-824e-0b010a80539c)
2022-02-17 17:13:51,053 - basicLogger - INFO - Start Periodic Processing (ID: b23cf08e-9176-468b-beb2-77e2efad5d50)
2022-02-17 17:13:56,053 - basicLogger - INFO - Start Periodic Processing (ID: fa60f144-7c9d-43f3-ba15-ad426564254e)
2022-02-17 17:14:01,051 - basicLogger - INFO - Start Periodic Processing (ID: 776cceb5-3355-4f4d-a2b4-d8b06985190d)
2022-02-17 17:15:05,907 - basicLogger - INFO - Start Periodic Processing (ID: 80a45383-675c-4bf6-9874-32336086bda4)
2022-02-17 17:15:10,941 - basicLogger - INFO - Periodic Processing Not Working (ID: 80a45383-675c-4bf6-9874-32336086bda4)
2022-02-17 17:15:15,902 - basicLogger - INFO - Start Periodic Processing (ID: 9b570569-bd78-4b37-be53-33fc038fd8b9)
2022-02-17 17:15:21,105 - basicLogger - INFO - Periodic Processing Not Working (ID: 9b570569-bd78-4b37-be53-33fc038fd8b9)
2022-02-17 17:15:25,913 - basicLogger - INFO - Start Periodic Processing (ID: 8080422b-de8f-4c6e-a9ee-8782f4f7628c)
2022-02-17 17:15:30,785 - basicLogger - INFO - Periodic Processing Not Working (ID: 8080422b-de8f-4c6e-a9ee-8782f4f7628c)
2022-02-17 17:15:30,902 - basicLogger - INFO - Start Periodic Processing (ID: 7da40913-e947-422f-a57d-7d33899fdc97)
2022-02-17 17:15:35,710 - basicLogger - INFO - Periodic Processing Not Working (ID: 7da40913-e947-422f-a57d-7d33899fdc97)
2022-02-17 17:15:35,905 - basicLogger - INFO - Start Periodic Processing (ID: 235d1798-1b10-4fae-a65c-840c87eea4f4)
2022-02-17 17:15:40,847 - basicLogger - INFO - Periodic Processing Not Working (ID: 235d1798-1b10-4fae-a65c-840c87eea4f4)
2022-02-17 17:15:40,913 - basicLogger - INFO - Start Periodic Processing (ID: 89763638-4e62-445c-ab8a-fb56b9d04d30)
2022-02-17 17:15:45,838 - basicLogger - INFO - Periodic Processing Not Working (ID: 89763638-4e62-445c-ab8a-fb56b9d04d30)
2022-02-17 17:15:45,903 - basicLogger - INFO - Start Periodic Processing (ID: 45c47fa1-eeff-426e-8856-db8120546b97)
2022-02-17 17:15:50,990 - basicLogger - INFO - Periodic Processing Not Working (ID: 45c47fa1-eeff-426e-8856-db8120546b97)
2022-02-17 17:15:55,905 - basicLogger - INFO - Start Periodic Processing (ID: be459a73-f51c-473a-90e1-93891aa11051)
2022-02-17 17:16:00,772 - basicLogger - INFO - Periodic Processing Not Working (ID: be459a73-f51c-473a-90e1-93891aa11051)
2022-02-18 22:54:03,216 - basicLogger - INFO - Start Periodic Processing (ID: 8c7f36fc-da86-4cab-93e2-37929f291480)
2022-02-18 22:54:08,043 - basicLogger - INFO - Periodic Processing Not Working (ID: 8c7f36fc-da86-4cab-93e2-37929f291480)
2022-02-18 22:54:08,226 - basicLogger - INFO - Start Periodic Processing (ID: 78c4b9fd-a8bb-4fcb-9f2b-998e54183598)
2022-02-18 22:54:12,939 - basicLogger - INFO - Periodic Processing Not Working (ID: 78c4b9fd-a8bb-4fcb-9f2b-998e54183598)
2022-02-18 22:54:13,220 - basicLogger - INFO - Start Periodic Processing (ID: 04afee5c-cd5f-44b5-8c83-33260bc865b5)
2022-02-18 22:54:17,945 - basicLogger - INFO - Periodic Processing Not Working (ID: 04afee5c-cd5f-44b5-8c83-33260bc865b5)
2022-02-18 22:54:18,224 - basicLogger - INFO - Start Periodic Processing (ID: 5f3b738e-dafb-4198-9ffc-7bbe47c4c3b3)
2022-02-18 22:54:22,920 - basicLogger - INFO - Periodic Processing Not Working (ID: 5f3b738e-dafb-4198-9ffc-7bbe47c4c3b3)
2022-02-18 22:54:23,215 - basicLogger - INFO - Start Periodic Processing (ID: 49b242d2-edae-4a9f-ac4a-24dd58e1d142)
2022-02-18 22:54:27,951 - basicLogger - INFO - Periodic Processing Not Working (ID: 49b242d2-edae-4a9f-ac4a-24dd58e1d142)
2022-02-18 22:54:28,223 - basicLogger - INFO - Start Periodic Processing (ID: 80ec2c69-21b2-4e2c-b582-827c44b31454)
2022-02-18 22:54:32,888 - basicLogger - INFO - Periodic Processing Not Working (ID: 80ec2c69-21b2-4e2c-b582-827c44b31454)
2022-02-18 22:54:33,215 - basicLogger - INFO - Start Periodic Processing (ID: a67a6289-5868-4382-b91f-29643d0b4326)
2022-02-18 22:54:37,952 - basicLogger - INFO - Periodic Processing Not Working (ID: a67a6289-5868-4382-b91f-29643d0b4326)
2022-02-18 22:54:38,225 - basicLogger - INFO - Start Periodic Processing (ID: ff3d6060-3098-40e0-9452-99291a3d8ee8)
2022-02-18 22:54:42,878 - basicLogger - INFO - Periodic Processing Not Working (ID: ff3d6060-3098-40e0-9452-99291a3d8ee8)
2022-02-18 22:54:43,223 - basicLogger - INFO - Start Periodic Processing (ID: 99221dad-2de2-4c19-ad83-d222a6cd76bc)
2022-02-18 22:54:48,009 - basicLogger - INFO - Periodic Processing Not Working (ID: 99221dad-2de2-4c19-ad83-d222a6cd76bc)
2022-02-18 22:54:48,213 - basicLogger - INFO - Start Periodic Processing (ID: be0bbd2d-9367-4726-971a-51483108a2a5)
2022-02-18 22:54:52,875 - basicLogger - INFO - Periodic Processing Not Working (ID: be0bbd2d-9367-4726-971a-51483108a2a5)
2022-02-18 22:54:53,216 - basicLogger - INFO - Start Periodic Processing (ID: 341299d5-dd27-4f30-a761-96e326fc400b)
2022-02-18 22:54:57,931 - basicLogger - INFO - Periodic Processing Not Working (ID: 341299d5-dd27-4f30-a761-96e326fc400b)
2022-02-18 22:54:58,221 - basicLogger - INFO - Start Periodic Processing (ID: 4f598d4c-02c4-4c5c-b283-bebd610b81dc)
2022-02-18 22:55:02,951 - basicLogger - INFO - Periodic Processing Not Working (ID: 4f598d4c-02c4-4c5c-b283-bebd610b81dc)
2022-02-18 22:55:03,223 - basicLogger - INFO - Start Periodic Processing (ID: 4283740f-eaf2-4a36-bcf1-a55b6b618470)
2022-02-18 22:55:07,927 - basicLogger - INFO - Periodic Processing Not Working (ID: 4283740f-eaf2-4a36-bcf1-a55b6b618470)
2022-02-18 22:55:08,220 - basicLogger - INFO - Start Periodic Processing (ID: 2df258a5-2781-4c99-b7df-7ffce1928b86)
2022-02-18 22:55:12,867 - basicLogger - INFO - Periodic Processing Not Working (ID: 2df258a5-2781-4c99-b7df-7ffce1928b86)
2022-02-18 22:55:13,225 - basicLogger - INFO - Start Periodic Processing (ID: 0b465a97-dafe-4fbd-97fd-a4a982b276fc)
2022-02-18 22:55:17,907 - basicLogger - INFO - Periodic Processing Not Working (ID: 0b465a97-dafe-4fbd-97fd-a4a982b276fc)
2022-02-18 22:55:18,219 - basicLogger - INFO - Start Periodic Processing (ID: f3997474-7818-4003-bbcf-1236822fffc7)
2022-02-18 22:55:22,912 - basicLogger - INFO - Periodic Processing Not Working (ID: f3997474-7818-4003-bbcf-1236822fffc7)
2022-02-18 22:55:23,227 - basicLogger - INFO - Start Periodic Processing (ID: fa44da8a-94ba-4ab9-85ca-b1e7d73bad43)
2022-02-18 22:55:27,978 - basicLogger - INFO - Periodic Processing Not Working (ID: fa44da8a-94ba-4ab9-85ca-b1e7d73bad43)
2022-02-18 22:55:28,215 - basicLogger - INFO - Start Periodic Processing (ID: f4254c61-68fc-4f1d-9417-05af404ffbfd)
2022-02-18 22:55:32,945 - basicLogger - INFO - Periodic Processing Not Working (ID: f4254c61-68fc-4f1d-9417-05af404ffbfd)
2022-02-18 22:55:33,223 - basicLogger - INFO - Start Periodic Processing (ID: fd999128-dd5b-49cd-b445-f45b8ccb83ad)
2022-02-18 22:55:38,042 - basicLogger - INFO - Periodic Processing Not Working (ID: fd999128-dd5b-49cd-b445-f45b8ccb83ad)
2022-02-18 22:55:38,217 - basicLogger - INFO - Start Periodic Processing (ID: a3b7fa41-0a61-42c9-89ca-3c1421a5b84a)
2022-02-18 22:55:42,899 - basicLogger - INFO - Periodic Processing Not Working (ID: a3b7fa41-0a61-42c9-89ca-3c1421a5b84a)
2022-02-18 22:55:43,222 - basicLogger - INFO - Start Periodic Processing (ID: 9a512605-5701-4367-b2bb-c2c3fb0a9ad5)
2022-02-18 22:55:47,940 - basicLogger - INFO - Periodic Processing Not Working (ID: 9a512605-5701-4367-b2bb-c2c3fb0a9ad5)
2022-02-18 22:55:48,222 - basicLogger - INFO - Start Periodic Processing (ID: c05ce6f1-92b3-4a67-8889-defd888be662)
2022-02-18 22:55:52,913 - basicLogger - INFO - Periodic Processing Not Working (ID: c05ce6f1-92b3-4a67-8889-defd888be662)
2022-02-18 22:55:53,215 - basicLogger - INFO - Start Periodic Processing (ID: 4428fa0c-d108-43b0-b97e-3be6e4b3cdd1)
2022-02-18 22:55:57,927 - basicLogger - INFO - Periodic Processing Not Working (ID: 4428fa0c-d108-43b0-b97e-3be6e4b3cdd1)
2022-02-18 22:55:58,230 - basicLogger - INFO - Start Periodic Processing (ID: 9026a9b1-0a8e-446b-9a07-e40fafe91aba)
2022-02-18 22:56:02,917 - basicLogger - INFO - Periodic Processing Not Working (ID: 9026a9b1-0a8e-446b-9a07-e40fafe91aba)
2022-02-18 22:56:03,222 - basicLogger - INFO - Start Periodic Processing (ID: 6f684436-acb6-4999-8dfe-32aa72a29eea)
2022-02-18 22:56:07,933 - basicLogger - INFO - Periodic Processing Not Working (ID: 6f684436-acb6-4999-8dfe-32aa72a29eea)
2022-02-18 22:56:08,216 - basicLogger - INFO - Start Periodic Processing (ID: 12be6996-b891-4078-a8da-cc740818a8b4)
2022-02-18 22:56:12,897 - basicLogger - INFO - Periodic Processing Not Working (ID: 12be6996-b891-4078-a8da-cc740818a8b4)
2022-02-18 22:56:13,220 - basicLogger - INFO - Start Periodic Processing (ID: 85232bc7-8a1c-4411-a68d-768da989b8c2)
2022-02-18 22:56:17,940 - basicLogger - INFO - Periodic Processing Not Working (ID: 85232bc7-8a1c-4411-a68d-768da989b8c2)
2022-02-18 22:56:18,222 - basicLogger - INFO - Start Periodic Processing (ID: 47577e59-897e-459f-a414-79ca0132c9c1)
2022-02-18 22:56:22,908 - basicLogger - INFO - Periodic Processing Not Working (ID: 47577e59-897e-459f-a414-79ca0132c9c1)
2022-02-18 22:56:23,219 - basicLogger - INFO - Start Periodic Processing (ID: a99fe9e6-b243-4bc1-a46d-e7a1fd15fb10)
2022-02-18 22:56:28,007 - basicLogger - INFO - Periodic Processing Not Working (ID: a99fe9e6-b243-4bc1-a46d-e7a1fd15fb10)
2022-02-18 22:56:28,227 - basicLogger - INFO - Start Periodic Processing (ID: 39cc93f7-0f9a-4e0d-8888-b21892da3327)
2022-02-18 22:56:32,941 - basicLogger - INFO - Periodic Processing Not Working (ID: 39cc93f7-0f9a-4e0d-8888-b21892da3327)
2022-02-18 22:56:33,218 - basicLogger - INFO - Start Periodic Processing (ID: 645951d6-a99f-48d4-aeec-0964ea535c27)
2022-02-18 22:56:37,904 - basicLogger - INFO - Periodic Processing Not Working (ID: 645951d6-a99f-48d4-aeec-0964ea535c27)
2022-02-18 22:56:38,223 - basicLogger - INFO - Start Periodic Processing (ID: 7ab9e910-ca32-4cdd-a7b6-b72ba32a3216)
2022-02-18 22:56:42,904 - basicLogger - INFO - Periodic Processing Not Working (ID: 7ab9e910-ca32-4cdd-a7b6-b72ba32a3216)
2022-02-18 22:56:43,217 - basicLogger - INFO - Start Periodic Processing (ID: 897e9cbf-43f1-409e-b47a-3967fd1f6748)
2022-02-18 22:56:47,950 - basicLogger - INFO - Periodic Processing Not Working (ID: 897e9cbf-43f1-409e-b47a-3967fd1f6748)
2022-02-18 22:56:48,227 - basicLogger - INFO - Start Periodic Processing (ID: c2388a88-0034-401d-a0bf-51b3fe1c6c01)
2022-02-18 22:56:52,921 - basicLogger - INFO - Periodic Processing Not Working (ID: c2388a88-0034-401d-a0bf-51b3fe1c6c01)
2022-02-18 22:56:53,225 - basicLogger - INFO - Start Periodic Processing (ID: 10bcb3aa-cc4e-4798-b470-3fcc0ef17218)
2022-02-18 22:56:57,975 - basicLogger - INFO - Periodic Processing Not Working (ID: 10bcb3aa-cc4e-4798-b470-3fcc0ef17218)
2022-02-18 22:56:58,216 - basicLogger - INFO - Start Periodic Processing (ID: 7a41d642-0f57-4ee1-a718-f1463c257973)
2022-02-18 22:57:02,881 - basicLogger - INFO - Periodic Processing Not Working (ID: 7a41d642-0f57-4ee1-a718-f1463c257973)
2022-02-18 22:57:03,224 - basicLogger - INFO - Start Periodic Processing (ID: daaa9cc7-f9c3-4838-8d08-be6389f58aa0)
2022-02-18 22:57:07,997 - basicLogger - INFO - Periodic Processing Not Working (ID: daaa9cc7-f9c3-4838-8d08-be6389f58aa0)
2022-02-18 22:57:08,215 - basicLogger - INFO - Start Periodic Processing (ID: 7878b2cd-c1d2-4fb0-8772-6111bf5dd5e4)
2022-02-18 22:57:12,897 - basicLogger - INFO - Periodic Processing Not Working (ID: 7878b2cd-c1d2-4fb0-8772-6111bf5dd5e4)
2022-02-18 22:57:13,214 - basicLogger - INFO - Start Periodic Processing (ID: 0e33b820-f277-45cd-bdcf-45e5113ca950)
2022-02-18 22:57:17,889 - basicLogger - INFO - Periodic Processing Not Working (ID: 0e33b820-f277-45cd-bdcf-45e5113ca950)
2022-02-18 22:57:18,220 - basicLogger - INFO - Start Periodic Processing (ID: 9bbd42d1-6dac-468a-8ba8-54e529f496fc)
2022-02-18 22:57:22,886 - basicLogger - INFO - Periodic Processing Not Working (ID: 9bbd42d1-6dac-468a-8ba8-54e529f496fc)
2022-02-18 22:57:23,219 - basicLogger - INFO - Start Periodic Processing (ID: 89f7a553-c7f5-4118-b95b-b2643776e44c)
2022-02-18 22:57:27,902 - basicLogger - INFO - Periodic Processing Not Working (ID: 89f7a553-c7f5-4118-b95b-b2643776e44c)
2022-02-18 22:57:28,217 - basicLogger - INFO - Start Periodic Processing (ID: c643306a-0bc9-488a-9c12-92988b402bb4)
2022-02-18 22:57:32,865 - basicLogger - INFO - Periodic Processing Not Working (ID: c643306a-0bc9-488a-9c12-92988b402bb4)
2022-02-18 22:57:33,228 - basicLogger - INFO - Start Periodic Processing (ID: 3112baeb-0006-4a40-a8cc-9b381a07060b)
2022-02-18 22:57:37,932 - basicLogger - INFO - Periodic Processing Not Working (ID: 3112baeb-0006-4a40-a8cc-9b381a07060b)
2022-02-18 22:57:38,221 - basicLogger - INFO - Start Periodic Processing (ID: 26044707-248d-49ac-aa3f-183222fca3ca)
2022-02-18 22:57:42,901 - basicLogger - INFO - Periodic Processing Not Working (ID: 26044707-248d-49ac-aa3f-183222fca3ca)
2022-02-18 22:57:43,217 - basicLogger - INFO - Start Periodic Processing (ID: c45a46c3-735c-41db-bb1a-1eca60d89144)
2022-02-18 22:57:47,959 - basicLogger - INFO - Periodic Processing Not Working (ID: c45a46c3-735c-41db-bb1a-1eca60d89144)
2022-02-18 22:57:48,221 - basicLogger - INFO - Start Periodic Processing (ID: 764a35d3-f343-4290-ad73-a29d5dd037bd)
2022-02-18 22:57:52,905 - basicLogger - INFO - Periodic Processing Not Working (ID: 764a35d3-f343-4290-ad73-a29d5dd037bd)
2022-02-18 22:57:53,225 - basicLogger - INFO - Start Periodic Processing (ID: 6a382351-c730-44f3-a5bd-d7031711e642)
2022-02-18 22:57:57,941 - basicLogger - INFO - Periodic Processing Not Working (ID: 6a382351-c730-44f3-a5bd-d7031711e642)
2022-02-18 22:57:58,227 - basicLogger - INFO - Start Periodic Processing (ID: ce154a4c-bce1-45ad-87d9-b39de451493d)
2022-02-18 22:58:02,906 - basicLogger - INFO - Periodic Processing Not Working (ID: ce154a4c-bce1-45ad-87d9-b39de451493d)
2022-02-18 22:58:03,226 - basicLogger - INFO - Start Periodic Processing (ID: 358b4887-3c9b-464b-b1d2-9f33b6976b9d)
2022-02-18 22:58:07,896 - basicLogger - INFO - Periodic Processing Not Working (ID: 358b4887-3c9b-464b-b1d2-9f33b6976b9d)
2022-02-18 22:58:08,225 - basicLogger - INFO - Start Periodic Processing (ID: 433a2894-0e22-45fa-8770-2725c54ead69)
2022-02-18 22:58:12,930 - basicLogger - INFO - Periodic Processing Not Working (ID: 433a2894-0e22-45fa-8770-2725c54ead69)
2022-02-18 22:58:13,229 - basicLogger - INFO - Start Periodic Processing (ID: edfeb19c-eaf4-43e3-bdd8-4242c99be522)
2022-02-18 22:58:17,907 - basicLogger - INFO - Periodic Processing Not Working (ID: edfeb19c-eaf4-43e3-bdd8-4242c99be522)
2022-02-18 22:58:18,227 - basicLogger - INFO - Start Periodic Processing (ID: ee726390-236c-496f-b000-0138ee7e9706)
2022-02-18 22:58:22,950 - basicLogger - INFO - Periodic Processing Not Working (ID: ee726390-236c-496f-b000-0138ee7e9706)
2022-02-18 22:58:23,216 - basicLogger - INFO - Start Periodic Processing (ID: 12a94655-e51d-4880-a93d-95a3b92b82a1)
2022-02-18 22:58:27,894 - basicLogger - INFO - Periodic Processing Not Working (ID: 12a94655-e51d-4880-a93d-95a3b92b82a1)
2022-02-18 22:58:28,220 - basicLogger - INFO - Start Periodic Processing (ID: 9da6e12a-c50f-42dd-8762-b472a4a3936a)
2022-02-18 22:58:32,904 - basicLogger - INFO - Periodic Processing Not Working (ID: 9da6e12a-c50f-42dd-8762-b472a4a3936a)
2022-02-18 22:58:33,218 - basicLogger - INFO - Start Periodic Processing (ID: ea4685fa-dbec-4ffb-ad3b-15abeff07eff)
2022-02-18 22:58:37,869 - basicLogger - INFO - Periodic Processing Not Working (ID: ea4685fa-dbec-4ffb-ad3b-15abeff07eff)
2022-02-18 22:58:38,217 - basicLogger - INFO - Start Periodic Processing (ID: dda2e909-8f6a-4689-8e0e-f9459c085447)
2022-02-18 22:58:42,938 - basicLogger - INFO - Periodic Processing Not Working (ID: dda2e909-8f6a-4689-8e0e-f9459c085447)
2022-02-18 22:58:43,224 - basicLogger - INFO - Start Periodic Processing (ID: 3b3e1d52-6f43-4f20-bb7e-0b1a5b4eccc2)
2022-02-18 22:58:47,917 - basicLogger - INFO - Periodic Processing Not Working (ID: 3b3e1d52-6f43-4f20-bb7e-0b1a5b4eccc2)
2022-02-18 22:58:48,215 - basicLogger - INFO - Start Periodic Processing (ID: cb0737ea-638e-493b-a31d-2d8354e98533)
2022-02-18 22:58:52,919 - basicLogger - INFO - Periodic Processing Not Working (ID: cb0737ea-638e-493b-a31d-2d8354e98533)
2022-02-18 22:58:53,219 - basicLogger - INFO - Start Periodic Processing (ID: 6adc483e-1a95-4de4-a5e5-eed9089f32f7)
2022-02-18 22:58:57,914 - basicLogger - INFO - Periodic Processing Not Working (ID: 6adc483e-1a95-4de4-a5e5-eed9089f32f7)
2022-02-18 22:58:58,215 - basicLogger - INFO - Start Periodic Processing (ID: 4b114ad1-ebf8-4611-8b1e-96f69afc3d9c)
2022-02-18 22:59:02,976 - basicLogger - INFO - Periodic Processing Not Working (ID: 4b114ad1-ebf8-4611-8b1e-96f69afc3d9c)
2022-02-18 22:59:03,216 - basicLogger - INFO - Start Periodic Processing (ID: da4f0346-9acd-4415-a32d-8a45a8a4bc77)
2022-02-18 22:59:07,876 - basicLogger - INFO - Periodic Processing Not Working (ID: da4f0346-9acd-4415-a32d-8a45a8a4bc77)
2022-02-18 22:59:08,215 - basicLogger - INFO - Start Periodic Processing (ID: eada7110-48ca-42d9-a0d9-b1897a0b9c79)
2022-02-18 22:59:12,900 - basicLogger - INFO - Periodic Processing Not Working (ID: eada7110-48ca-42d9-a0d9-b1897a0b9c79)
2022-02-18 22:59:13,222 - basicLogger - INFO - Start Periodic Processing (ID: ddf95d06-e65f-48cc-886a-69d933e6c7b2)
2022-02-18 22:59:17,931 - basicLogger - INFO - Periodic Processing Not Working (ID: ddf95d06-e65f-48cc-886a-69d933e6c7b2)
2022-02-18 22:59:18,227 - basicLogger - INFO - Start Periodic Processing (ID: 13c1c6b5-6a3c-4130-aae8-108b725991d5)
2022-02-18 22:59:22,912 - basicLogger - INFO - Periodic Processing Not Working (ID: 13c1c6b5-6a3c-4130-aae8-108b725991d5)
2022-02-18 22:59:23,215 - basicLogger - INFO - Start Periodic Processing (ID: 419c2c38-9139-4b63-83a0-503d9b49be69)
2022-02-18 22:59:27,895 - basicLogger - INFO - Periodic Processing Not Working (ID: 419c2c38-9139-4b63-83a0-503d9b49be69)
2022-02-18 22:59:28,225 - basicLogger - INFO - Start Periodic Processing (ID: e3130ee0-8d3a-416c-bfb7-49b206239034)
2022-02-18 22:59:32,888 - basicLogger - INFO - Periodic Processing Not Working (ID: e3130ee0-8d3a-416c-bfb7-49b206239034)
2022-02-18 22:59:33,218 - basicLogger - INFO - Start Periodic Processing (ID: 0ea3c685-be9d-47ed-8364-853c6683f982)
2022-02-18 22:59:37,903 - basicLogger - INFO - Periodic Processing Not Working (ID: 0ea3c685-be9d-47ed-8364-853c6683f982)
2022-02-18 22:59:38,228 - basicLogger - INFO - Start Periodic Processing (ID: 81b438d7-6126-491b-94e9-7b07067aa8cc)
2022-02-18 22:59:42,894 - basicLogger - INFO - Periodic Processing Not Working (ID: 81b438d7-6126-491b-94e9-7b07067aa8cc)
2022-02-18 22:59:43,218 - basicLogger - INFO - Start Periodic Processing (ID: 98a10a49-1097-4a41-95ee-6af975c14dd1)
2022-02-18 22:59:47,892 - basicLogger - INFO - Periodic Processing Not Working (ID: 98a10a49-1097-4a41-95ee-6af975c14dd1)
2022-02-18 22:59:48,219 - basicLogger - INFO - Start Periodic Processing (ID: 5bb7e82e-34e1-4f9d-8072-a9bf925f31c0)
2022-02-18 22:59:53,208 - basicLogger - INFO - Periodic Processing Not Working (ID: 5bb7e82e-34e1-4f9d-8072-a9bf925f31c0)
2022-02-18 22:59:53,222 - basicLogger - INFO - Start Periodic Processing (ID: 3c135f0f-7189-4129-9111-8a4adbda4e0f)
2022-02-18 22:59:57,898 - basicLogger - INFO - Periodic Processing Not Working (ID: 3c135f0f-7189-4129-9111-8a4adbda4e0f)
2022-02-18 22:59:58,216 - basicLogger - INFO - Start Periodic Processing (ID: 3ead980c-2f8e-4604-8c31-9361dabb4c01)
2022-02-18 23:00:02,907 - basicLogger - INFO - Periodic Processing Not Working (ID: 3ead980c-2f8e-4604-8c31-9361dabb4c01)
2022-02-18 23:00:03,219 - basicLogger - INFO - Start Periodic Processing (ID: 05a78f8b-187b-4750-9fad-badf393ac7ff)
2022-02-18 23:00:07,952 - basicLogger - INFO - Periodic Processing Not Working (ID: 05a78f8b-187b-4750-9fad-badf393ac7ff)
2022-02-18 23:00:08,215 - basicLogger - INFO - Start Periodic Processing (ID: e3f762ae-4b8c-401f-865f-7aa22dfd5c44)
2022-02-18 23:00:12,867 - basicLogger - INFO - Periodic Processing Not Working (ID: e3f762ae-4b8c-401f-865f-7aa22dfd5c44)
2022-02-18 23:00:13,223 - basicLogger - INFO - Start Periodic Processing (ID: bd7b340f-9fda-4ac7-987d-6a6f21140cfa)
2022-02-18 23:00:17,934 - basicLogger - INFO - Periodic Processing Not Working (ID: bd7b340f-9fda-4ac7-987d-6a6f21140cfa)
2022-02-18 23:00:18,218 - basicLogger - INFO - Start Periodic Processing (ID: f428e6bd-adb3-4ffe-ae70-d876442e6132)
2022-02-18 23:00:22,918 - basicLogger - INFO - Periodic Processing Not Working (ID: f428e6bd-adb3-4ffe-ae70-d876442e6132)
2022-02-18 23:00:23,219 - basicLogger - INFO - Start Periodic Processing (ID: 35dc5acc-82f2-4fef-91d6-3da799e17782)
2022-02-18 23:00:27,844 - basicLogger - INFO - Periodic Processing Not Working (ID: 35dc5acc-82f2-4fef-91d6-3da799e17782)
2022-02-18 23:00:28,221 - basicLogger - INFO - Start Periodic Processing (ID: 9a03175f-3ccb-4453-880f-4da666d6bdd3)
2022-02-18 23:00:32,884 - basicLogger - INFO - Periodic Processing Not Working (ID: 9a03175f-3ccb-4453-880f-4da666d6bdd3)
2022-02-18 23:00:33,221 - basicLogger - INFO - Start Periodic Processing (ID: 9aa0c3d7-f2ab-438e-8d67-860d27147976)
2022-02-18 23:00:37,879 - basicLogger - INFO - Periodic Processing Not Working (ID: 9aa0c3d7-f2ab-438e-8d67-860d27147976)
2022-02-18 23:00:38,220 - basicLogger - INFO - Start Periodic Processing (ID: 0e86fd77-c337-439e-b2c3-6775c4e54196)
2022-02-18 23:00:42,894 - basicLogger - INFO - Periodic Processing Not Working (ID: 0e86fd77-c337-439e-b2c3-6775c4e54196)
2022-02-18 23:00:43,227 - basicLogger - INFO - Start Periodic Processing (ID: 6c5f4a9c-0afd-4a44-8cc6-ef4a8c8170a5)
2022-02-18 23:00:47,918 - basicLogger - INFO - Periodic Processing Not Working (ID: 6c5f4a9c-0afd-4a44-8cc6-ef4a8c8170a5)
2022-02-18 23:00:48,221 - basicLogger - INFO - Start Periodic Processing (ID: 7e234435-5984-4e53-9c5f-c2890c86953f)
2022-02-18 23:00:52,892 - basicLogger - INFO - Periodic Processing Not Working (ID: 7e234435-5984-4e53-9c5f-c2890c86953f)
2022-02-18 23:00:53,219 - basicLogger - INFO - Start Periodic Processing (ID: 968a7c3a-3b36-4bf2-9431-7bcad64a28ab)
2022-02-18 23:00:57,920 - basicLogger - INFO - Periodic Processing Not Working (ID: 968a7c3a-3b36-4bf2-9431-7bcad64a28ab)
2022-02-18 23:00:58,219 - basicLogger - INFO - Start Periodic Processing (ID: 98d7560c-a528-447a-ad56-a0ac864649f9)
2022-02-18 23:01:02,926 - basicLogger - INFO - Periodic Processing Not Working (ID: 98d7560c-a528-447a-ad56-a0ac864649f9)
2022-02-18 23:01:03,225 - basicLogger - INFO - Start Periodic Processing (ID: 52737045-650b-4934-b702-0568144e6d33)
2022-02-18 23:01:07,872 - basicLogger - INFO - Periodic Processing Not Working (ID: 52737045-650b-4934-b702-0568144e6d33)
2022-02-18 23:01:08,224 - basicLogger - INFO - Start Periodic Processing (ID: e1704bf6-5287-4175-b7a6-3ec28ecebd44)
2022-02-18 23:01:12,933 - basicLogger - INFO - Periodic Processing Not Working (ID: e1704bf6-5287-4175-b7a6-3ec28ecebd44)
2022-02-18 23:01:13,216 - basicLogger - INFO - Start Periodic Processing (ID: 1e52bd19-c560-46bf-bcac-c50aebf945c8)
2022-02-18 23:01:17,870 - basicLogger - INFO - Periodic Processing Not Working (ID: 1e52bd19-c560-46bf-bcac-c50aebf945c8)
2022-02-18 23:01:18,221 - basicLogger - INFO - Start Periodic Processing (ID: 9de371ea-2390-4b55-91ba-280df5f5bf92)
2022-02-18 23:01:22,883 - basicLogger - INFO - Periodic Processing Not Working (ID: 9de371ea-2390-4b55-91ba-280df5f5bf92)
2022-02-18 23:01:23,221 - basicLogger - INFO - Start Periodic Processing (ID: 44e1bb07-62c6-46b1-8fa7-9d5f8d5b4317)
2022-02-18 23:01:27,928 - basicLogger - INFO - Periodic Processing Not Working (ID: 44e1bb07-62c6-46b1-8fa7-9d5f8d5b4317)
2022-02-18 23:01:28,219 - basicLogger - INFO - Start Periodic Processing (ID: fc6dd7ac-4e6b-47c6-b404-25fe7d452412)
2022-02-18 23:01:32,938 - basicLogger - INFO - Periodic Processing Not Working (ID: fc6dd7ac-4e6b-47c6-b404-25fe7d452412)
2022-02-18 23:01:33,216 - basicLogger - INFO - Start Periodic Processing (ID: c27ff5c7-e37d-4c61-b184-ee837b1b5b7f)
2022-02-18 23:01:38,225 - basicLogger - INFO - Start Periodic Processing (ID: 5aed6e2c-e212-4165-83b7-9e2ce4ff7823)
2022-02-18 23:01:43,227 - basicLogger - INFO - Start Periodic Processing (ID: 440de8b0-1a8e-4c6d-993a-759283f3279c)
2022-02-18 23:01:48,227 - basicLogger - INFO - Start Periodic Processing (ID: 68a4e48d-1da4-45e7-a76b-f7282bd52055)
2022-02-18 23:01:53,219 - basicLogger - INFO - Start Periodic Processing (ID: 35bb538d-e67c-406a-8ad7-483ed2cf2d50)
2022-02-18 23:01:58,219 - basicLogger - INFO - Start Periodic Processing (ID: 5b175066-fd06-429e-9d4c-f39a689806b5)
2022-02-18 23:02:03,217 - basicLogger - INFO - Start Periodic Processing (ID: b6ad1552-9f03-44b5-b6be-a71f680142f8)
2022-02-18 23:02:08,216 - basicLogger - INFO - Start Periodic Processing (ID: d1406e23-a525-4a7d-b1a9-0236b81a7a32)
2022-02-18 23:02:13,228 - basicLogger - INFO - Start Periodic Processing (ID: 149a690c-a1c9-41a8-ad81-bce910fcc56d)
2022-02-18 23:02:18,222 - basicLogger - INFO - Start Periodic Processing (ID: 6ed93a10-7668-4c97-bd43-5e628cdaa5ce)
2022-02-18 23:02:23,220 - basicLogger - INFO - Start Periodic Processing (ID: df001a58-517c-478c-b582-ceac9cbf7890)
2022-02-18 23:02:28,222 - basicLogger - INFO - Start Periodic Processing (ID: e3c0a2c8-631d-475f-88d3-cab1c7f4bb7d)
2022-02-18 23:02:33,228 - basicLogger - INFO - Start Periodic Processing (ID: 3b94f1a0-2562-4019-914c-b911837d4a0b)
2022-02-18 23:02:38,224 - basicLogger - INFO - Start Periodic Processing (ID: a1dd537e-140f-4906-9770-7b3b0f49ee08)
2022-02-18 23:02:43,220 - basicLogger - INFO - Start Periodic Processing (ID: 086237de-ef7d-4a7b-8ccb-6bc19d8b08b7)
2022-02-18 23:02:48,219 - basicLogger - INFO - Start Periodic Processing (ID: f9a9679e-4feb-4e64-9403-2776d15824c4)
2022-02-18 23:02:53,219 - basicLogger - INFO - Start Periodic Processing (ID: 86e001b8-7d1f-4420-ad54-4c1f01b37c59)
2022-02-18 23:02:58,216 - basicLogger - INFO - Start Periodic Processing (ID: be094f53-e5cc-4a2d-b6c4-ce9971863558)
2022-02-18 23:03:03,219 - basicLogger - INFO - Start Periodic Processing (ID: 8441b8b5-e5e2-48ae-bcaa-e03887e6f7cc)
2022-02-18 23:03:08,227 - basicLogger - INFO - Start Periodic Processing (ID: 2c361b17-293d-452a-803f-6dc109ed490a)
2022-02-18 23:03:13,218 - basicLogger - INFO - Start Periodic Processing (ID: 222c9f9e-30dc-4988-be18-24c71c6e2733)
2022-02-18 23:03:18,217 - basicLogger - INFO - Start Periodic Processing (ID: 3dd39f3d-9ece-4be6-bada-c46df17e6d33)
2022-02-18 23:03:23,217 - basicLogger - INFO - Start Periodic Processing (ID: 0866f10b-65b4-4496-ace1-143bfff0a20f)
2022-02-18 23:03:28,219 - basicLogger - INFO - Start Periodic Processing (ID: e2e861b9-23b6-45f3-a186-87bc37a8c716)
2022-02-18 23:03:33,218 - basicLogger - INFO - Start Periodic Processing (ID: 193593f9-5a66-4684-b5b4-8d10daa625e1)
2022-02-18 23:03:38,219 - basicLogger - INFO - Start Periodic Processing (ID: 7a6cc912-4fcf-47c5-afac-0e2bd64559f0)
2022-02-18 23:03:43,215 - basicLogger - INFO - Start Periodic Processing (ID: 2cc2e140-22a7-4e78-9903-bc0a8708df23)
2022-02-18 23:03:48,222 - basicLogger - INFO - Start Periodic Processing (ID: d099c3ae-136b-4bda-aea2-a05cbd0bd51f)
2022-02-18 23:03:53,224 - basicLogger - INFO - Start Periodic Processing (ID: 5d408355-f2de-4484-837a-60df3a102616)
2022-02-18 23:03:58,225 - basicLogger - INFO - Start Periodic Processing (ID: acfb7ec3-c659-4e60-8722-94b12662553a)
2022-02-18 23:04:03,217 - basicLogger - INFO - Start Periodic Processing (ID: 705c250f-38b0-48f8-8a1e-9e272c5b6a5e)
2022-02-18 23:04:08,216 - basicLogger - INFO - Start Periodic Processing (ID: d5b3d679-940b-469f-8d48-246ee1930b67)
2022-02-18 23:04:13,222 - basicLogger - INFO - Start Periodic Processing (ID: 35753e87-4a49-4e37-afa2-8ca2896230c5)
2022-02-18 23:04:18,219 - basicLogger - INFO - Start Periodic Processing (ID: a6f4ece0-ad05-4371-ac58-068d313b82d4)
2022-02-18 23:04:23,222 - basicLogger - INFO - Start Periodic Processing (ID: e30072d5-7651-45c4-87e7-2f902361f15e)
2022-02-18 23:04:28,227 - basicLogger - INFO - Start Periodic Processing (ID: f504fea0-0695-4cfc-95a5-65bb4d9fe52e)
2022-02-18 23:04:33,228 - basicLogger - INFO - Start Periodic Processing (ID: 8db79edf-de01-41ee-9c15-b43003ec73c5)
2022-02-18 23:04:38,217 - basicLogger - INFO - Start Periodic Processing (ID: 0615f2bc-c494-41cc-8e39-c3ced0f0096c)
2022-02-18 23:04:43,226 - basicLogger - INFO - Start Periodic Processing (ID: 8feccf38-bdf6-4210-8f23-35a043a9556e)
2022-02-18 23:04:48,221 - basicLogger - INFO - Start Periodic Processing (ID: 151f323f-1a5b-4a96-b3b2-8aa2d7483868)
2022-02-18 23:04:53,222 - basicLogger - INFO - Start Periodic Processing (ID: 9d4e969c-70fd-4cbb-bc60-531550a2b57a)
2022-02-18 23:04:58,215 - basicLogger - INFO - Start Periodic Processing (ID: 7a419e5f-a5dd-4c51-9513-9a3346cbc632)
2022-02-18 23:05:03,225 - basicLogger - INFO - Start Periodic Processing (ID: fc1d5aa7-ec47-4e2a-bcfa-ed991ff6d61d)
2022-02-18 23:05:08,214 - basicLogger - INFO - Start Periodic Processing (ID: 2cc86bf5-cac7-4061-8ab0-e54c225acbfe)
2022-02-18 23:05:13,215 - basicLogger - INFO - Start Periodic Processing (ID: c093c6bf-7fc8-4d1b-b3fb-ae7288ef0315)
2022-02-18 23:05:18,216 - basicLogger - INFO - Start Periodic Processing (ID: b64a5078-268a-42c2-9f6b-7a4a0609ed2e)
2022-02-18 23:05:23,214 - basicLogger - INFO - Start Periodic Processing (ID: 8764a9c7-ea98-4b23-ad74-c7a5f5535598)
2022-02-18 23:05:28,227 - basicLogger - INFO - Start Periodic Processing (ID: 845b75ad-0795-4c01-9360-48d108dbd0c7)
2022-02-18 23:05:33,218 - basicLogger - INFO - Start Periodic Processing (ID: 5dbbe246-ea68-4561-9db6-6df534b8561e)
2022-02-18 23:05:38,225 - basicLogger - INFO - Start Periodic Processing (ID: de43a38b-1840-408a-a807-2e5026820499)
2022-02-18 23:05:43,222 - basicLogger - INFO - Start Periodic Processing (ID: a3505766-ea5a-4bbd-8928-d4d62c2b5dca)
2022-02-18 23:05:48,230 - basicLogger - INFO - Start Periodic Processing (ID: 1aef344c-fb28-4bdd-8afa-607ac81de6ee)
2022-02-18 23:05:53,225 - basicLogger - INFO - Start Periodic Processing (ID: 23edfe4f-4117-41bb-b899-5928afe70ba8)
2022-02-18 23:05:58,219 - basicLogger - INFO - Start Periodic Processing (ID: a9df5180-43f5-436d-9080-46a6efd5e8a5)
2022-02-18 23:06:03,224 - basicLogger - INFO - Start Periodic Processing (ID: 626798dd-0fda-40cf-85b6-666964460d8c)
2022-02-18 23:06:08,220 - basicLogger - INFO - Start Periodic Processing (ID: 71ebd1a3-8649-4264-866a-4777d9025f19)
2022-02-18 23:06:13,220 - basicLogger - INFO - Start Periodic Processing (ID: ebc2c363-1c8f-4e3d-a3d9-f59f59d91642)
2022-02-18 23:06:18,222 - basicLogger - INFO - Start Periodic Processing (ID: 9dfa8ac7-6685-458b-87ab-704bdec67f94)
2022-02-18 23:06:23,228 - basicLogger - INFO - Start Periodic Processing (ID: 26f06a95-ef33-44fa-8599-c47e39422672)
2022-02-18 23:06:28,224 - basicLogger - INFO - Start Periodic Processing (ID: f69b2b79-0743-4d98-9314-0cc2556344d6)
2022-02-18 23:06:33,222 - basicLogger - INFO - Start Periodic Processing (ID: e27097bb-3281-490f-84af-1c9eb38f5d0f)
2022-02-18 23:06:38,224 - basicLogger - INFO - Start Periodic Processing (ID: e2406260-5a1b-4eb9-ae49-a480c2d44c96)
2022-02-18 23:06:43,225 - basicLogger - INFO - Start Periodic Processing (ID: c9060ccb-e7ea-403f-8585-c6240638d682)
2022-02-18 23:06:48,217 - basicLogger - INFO - Start Periodic Processing (ID: 7abe1044-04b0-442d-8c62-2c2ee37638bc)
2022-02-18 23:06:53,224 - basicLogger - INFO - Start Periodic Processing (ID: 1ba8aff6-816a-4cc5-aba2-a8d9ebe7c40b)
2022-02-18 23:06:58,222 - basicLogger - INFO - Start Periodic Processing (ID: 7def0fb0-0cb7-42ee-9a22-3c8f1df3a371)
2022-02-18 23:07:03,219 - basicLogger - INFO - Start Periodic Processing (ID: 2d9c6506-d73e-4a41-8502-be9937bb5364)
2022-02-18 23:07:08,215 - basicLogger - INFO - Start Periodic Processing (ID: 82bb7caa-4b03-4f90-aa4a-93fddeb98418)
2022-02-18 23:07:13,214 - basicLogger - INFO - Start Periodic Processing (ID: 85461a6d-3fce-4afd-9baf-475d7d388aa4)
2022-02-18 23:07:18,214 - basicLogger - INFO - Start Periodic Processing (ID: 003003d1-d025-4deb-9e15-a66e672f5b11)
2022-02-18 23:07:23,217 - basicLogger - INFO - Start Periodic Processing (ID: 57491000-6cd4-4d10-ac5d-24941f903c15)
2022-02-18 23:07:28,215 - basicLogger - INFO - Start Periodic Processing (ID: 0e75fecd-6277-4747-8e57-9b3ecce87cf2)
2022-02-18 23:07:33,219 - basicLogger - INFO - Start Periodic Processing (ID: d816ef6d-0ad4-4f45-9780-f4ee766934ea)
2022-02-18 23:07:38,229 - basicLogger - INFO - Start Periodic Processing (ID: 71a11e28-fd36-46cb-a591-ba60c08f20c0)
2022-02-18 23:07:43,219 - basicLogger - INFO - Start Periodic Processing (ID: 6d482e23-fb65-4e75-9880-4454d9b64d6b)
2022-02-18 23:07:48,228 - basicLogger - INFO - Start Periodic Processing (ID: eb5b74d0-ed98-4eb2-bd58-5c09358be7db)
2022-02-18 23:07:53,225 - basicLogger - INFO - Start Periodic Processing (ID: 587d5a4c-10f4-4790-afd0-3109b289e1b8)
2022-02-18 23:07:58,216 - basicLogger - INFO - Start Periodic Processing (ID: f592030b-c503-4f92-af6d-6ec2e0df8575)
2022-02-18 23:08:03,229 - basicLogger - INFO - Start Periodic Processing (ID: 846dde5f-2a4c-4ac9-88f8-71daf1518316)
2022-02-18 23:08:08,219 - basicLogger - INFO - Start Periodic Processing (ID: 08313a0a-417f-490c-8a4c-c53f2d1fd763)
2022-02-18 23:08:13,219 - basicLogger - INFO - Start Periodic Processing (ID: 96265862-864f-46c0-af71-61d99cb34a34)
2022-02-18 23:08:20,498 - basicLogger - INFO - No Data Updated (ID: 96265862-864f-46c0-af71-61d99cb34a34)
2022-02-18 23:08:23,225 - basicLogger - INFO - Start Periodic Processing (ID: 9b618e9f-4191-4356-98de-3c30120205e6)
2022-02-18 23:08:27,691 - basicLogger - INFO - No Data Updated (ID: 9b618e9f-4191-4356-98de-3c30120205e6)
2022-02-18 23:08:28,225 - basicLogger - INFO - Start Periodic Processing (ID: 30cf499a-cec6-495c-acfe-f5dec9c07617)
2022-02-18 23:08:32,693 - basicLogger - INFO - No Data Updated (ID: 30cf499a-cec6-495c-acfe-f5dec9c07617)
2022-02-18 23:08:33,222 - basicLogger - INFO - Start Periodic Processing (ID: 566738aa-0ad9-4f22-97ed-c8b9e1f82fb5)
2022-02-18 23:08:37,727 - basicLogger - INFO - No Data Updated (ID: 566738aa-0ad9-4f22-97ed-c8b9e1f82fb5)
2022-02-18 23:08:38,225 - basicLogger - INFO - Start Periodic Processing (ID: a7dcbead-3091-4541-8873-480e7ac831dd)
2022-02-18 23:08:43,219 - basicLogger - INFO - Start Periodic Processing (ID: 0bc3c3f0-6e9e-4a93-a34a-99b4c59b03cb)
2022-02-18 23:08:48,227 - basicLogger - INFO - Start Periodic Processing (ID: 3ce14bbf-73b2-4064-9ff0-c08c9948f5ba)
2022-02-18 23:08:53,219 - basicLogger - INFO - Start Periodic Processing (ID: aca6b78d-0d52-4aa5-abd9-cc6940e2e109)
2022-02-18 23:08:58,215 - basicLogger - INFO - Start Periodic Processing (ID: 5c471f3a-af09-46e2-8302-00b0b7281c49)
2022-02-18 23:09:03,220 - basicLogger - INFO - Start Periodic Processing (ID: 57d9d14b-c673-44d8-8203-4e87903fb315)
2022-02-18 23:09:13,216 - basicLogger - INFO - Start Periodic Processing (ID: 5c538f7d-5f53-4e1a-a3b1-95c0d908ea79)
2022-02-18 23:09:18,224 - basicLogger - INFO - Start Periodic Processing (ID: 347705ea-498e-4bb1-8b01-eeb08c3d50a8)
2022-02-18 23:09:23,220 - basicLogger - INFO - Start Periodic Processing (ID: e041e2e5-aa54-431a-96a1-c999e5b4e131)
2022-02-18 23:09:28,219 - basicLogger - INFO - Start Periodic Processing (ID: 88a0ad02-0e68-4a76-8277-f1619195bd01)
2022-02-18 23:09:33,219 - basicLogger - INFO - Start Periodic Processing (ID: 2c520c0c-38f1-4927-a577-a0de8900f077)
2022-02-18 23:09:38,225 - basicLogger - INFO - Start Periodic Processing (ID: a6f23fa9-013c-466b-9a47-d14b97df9e11)
2022-02-18 23:09:43,226 - basicLogger - INFO - Start Periodic Processing (ID: 5d5bf8b8-7a2e-45c3-a7f9-edfbd9cf2810)
2022-02-18 23:09:48,224 - basicLogger - INFO - Start Periodic Processing (ID: 5f5cdba6-a124-4844-8b79-1e57da3549b4)
2022-02-18 23:09:53,222 - basicLogger - INFO - Start Periodic Processing (ID: 5d9701a9-2bf1-45d3-860e-f8acd1bb12e2)
2022-02-18 23:09:58,224 - basicLogger - INFO - Start Periodic Processing (ID: d5e785b6-9e01-4e52-ae41-44fb8219503b)
2022-02-18 23:10:03,224 - basicLogger - INFO - Start Periodic Processing (ID: eaba4607-f4bf-4ca6-949b-50c6cf0692d2)
2022-02-18 23:10:08,228 - basicLogger - INFO - Start Periodic Processing (ID: 8fe9f2b4-f602-411c-b26d-8a25646b0f9a)
2022-02-18 23:10:13,223 - basicLogger - INFO - Start Periodic Processing (ID: f26a84ab-4875-4d7d-b945-ad217e35178f)
2022-02-18 23:10:18,230 - basicLogger - INFO - Start Periodic Processing (ID: 9b0948b4-9d58-4ce7-be3c-5e652123010f)
2022-02-18 23:10:23,215 - basicLogger - INFO - Start Periodic Processing (ID: 091d511b-b562-4c43-adee-72e450e00c17)
2022-02-18 23:10:28,217 - basicLogger - INFO - Start Periodic Processing (ID: 0139a8c0-2bbd-4e85-83f3-cdc50512c31f)
2022-02-18 23:10:33,215 - basicLogger - INFO - Start Periodic Processing (ID: e04116c0-b1e7-4673-8800-0bc338e63dbc)
2022-02-18 23:10:38,220 - basicLogger - INFO - Start Periodic Processing (ID: a12f62e6-7660-482e-a9ce-00a93588cde6)
2022-02-18 23:10:43,221 - basicLogger - INFO - Start Periodic Processing (ID: 9a64c7f8-c0c3-40dd-824c-f7bf06af01c5)
2022-02-18 23:10:48,215 - basicLogger - INFO - Start Periodic Processing (ID: 9972dc73-6123-4f5f-97db-793103a97e6b)
2022-02-18 23:10:53,224 - basicLogger - INFO - Start Periodic Processing (ID: 1613ed68-5881-4bfe-8ce0-e114823ab8ae)
2022-02-18 23:10:58,214 - basicLogger - INFO - Start Periodic Processing (ID: a3661846-456a-4429-980f-c58c5b48755d)
2022-02-18 23:11:03,225 - basicLogger - INFO - Start Periodic Processing (ID: 6f4d610e-97f3-4d45-a100-0b3c59764d03)
2022-02-18 23:11:08,229 - basicLogger - INFO - Start Periodic Processing (ID: 8fa8f50b-bfb5-4d5a-8a25-20e6bf8a6956)
2022-02-18 23:11:13,215 - basicLogger - INFO - Start Periodic Processing (ID: 65cf87b3-73da-47ef-ace2-2a3d63d9fa5f)
2022-02-18 23:11:18,220 - basicLogger - INFO - Start Periodic Processing (ID: c0bd57b7-2529-4f41-ad91-605784a2bde6)
2022-02-18 23:11:23,218 - basicLogger - INFO - Start Periodic Processing (ID: a001f36c-d18b-44cd-b8cb-f509d2318235)
2022-02-18 23:11:28,217 - basicLogger - INFO - Start Periodic Processing (ID: ecbe63f1-b191-4cfc-aa17-b1506e66d74e)
2022-02-18 23:11:32,706 - basicLogger - INFO - No Data Updated (ID: ecbe63f1-b191-4cfc-aa17-b1506e66d74e)
2022-02-18 23:11:33,225 - basicLogger - INFO - Start Periodic Processing (ID: fb158a15-cf78-4e03-9d4c-0d069ef0bc07)
2022-02-18 23:11:37,687 - basicLogger - INFO - No Data Updated (ID: fb158a15-cf78-4e03-9d4c-0d069ef0bc07)
2022-02-18 23:12:02,152 - basicLogger - INFO - Start Periodic Processing (ID: 4fe71e32-e331-4916-a81a-9a36ba5b09dd)
2022-02-18 23:12:06,671 - basicLogger - INFO - No Data Updated (ID: 4fe71e32-e331-4916-a81a-9a36ba5b09dd)
2022-02-18 23:12:07,152 - basicLogger - INFO - Start Periodic Processing (ID: 15e7d267-5806-442b-9d78-54723f985732)
2022-02-18 23:12:11,619 - basicLogger - INFO - No Data Updated (ID: 15e7d267-5806-442b-9d78-54723f985732)
2022-02-18 23:12:12,153 - basicLogger - INFO - Start Periodic Processing (ID: 1cbb0b29-cbda-42ac-a542-de3ce952d392)
2022-02-18 23:12:16,615 - basicLogger - INFO - No Data Updated (ID: 1cbb0b29-cbda-42ac-a542-de3ce952d392)
2022-02-18 23:12:17,145 - basicLogger - INFO - Start Periodic Processing (ID: 162240ce-652d-48c6-8b08-9601ed41abe5)
2022-02-18 23:12:21,640 - basicLogger - INFO - No Data Updated (ID: 162240ce-652d-48c6-8b08-9601ed41abe5)
2022-02-18 23:12:22,156 - basicLogger - INFO - Start Periodic Processing (ID: a993390c-6796-4bf0-a54a-b0a47483bc77)
2022-02-18 23:12:26,652 - basicLogger - INFO - No Data Updated (ID: a993390c-6796-4bf0-a54a-b0a47483bc77)
2022-02-18 23:12:27,144 - basicLogger - INFO - Start Periodic Processing (ID: 27226b57-1741-4798-b77e-9d5fafb6ca8b)
2022-02-18 23:12:31,934 - basicLogger - INFO - No Data Updated (ID: 27226b57-1741-4798-b77e-9d5fafb6ca8b)
2022-02-18 23:12:32,147 - basicLogger - INFO - Start Periodic Processing (ID: e1c4dc53-55d7-41cd-8247-e763a316c9d6)
2022-02-18 23:12:36,968 - basicLogger - INFO - No Data Updated (ID: e1c4dc53-55d7-41cd-8247-e763a316c9d6)
2022-02-18 23:12:37,155 - basicLogger - INFO - Start Periodic Processing (ID: 43b40b4c-05fc-42ea-bb97-236555e00228)
2022-02-18 23:12:41,665 - basicLogger - INFO - No Data Updated (ID: 43b40b4c-05fc-42ea-bb97-236555e00228)
2022-02-18 23:12:42,151 - basicLogger - INFO - Start Periodic Processing (ID: 7fc86dcb-52a9-4803-baf5-2297716577d5)
2022-02-18 23:12:46,623 - basicLogger - INFO - No Data Updated (ID: 7fc86dcb-52a9-4803-baf5-2297716577d5)
2022-02-18 23:12:47,152 - basicLogger - INFO - Start Periodic Processing (ID: e9db847a-d9b0-41b3-844a-28c1d7b43c74)
2022-02-18 23:12:52,149 - basicLogger - INFO - Start Periodic Processing (ID: ebadb84b-e741-42a9-957e-ec1c1056c731)
2022-02-18 23:12:57,143 - basicLogger - INFO - Start Periodic Processing (ID: 2d07636c-0470-4507-bdf2-5ab27babd5c7)
2022-02-18 23:13:02,145 - basicLogger - INFO - Start Periodic Processing (ID: 5f5e7d2b-0992-4278-83c5-1a64d3605e84)
2022-02-18 23:13:07,153 - basicLogger - INFO - Start Periodic Processing (ID: 3649a302-68db-4f8d-be62-e19fe756fb42)
2022-02-18 23:13:12,147 - basicLogger - INFO - Start Periodic Processing (ID: 28d561bf-21fb-4ce8-8dbe-565746a5d5a9)
2022-02-18 23:13:17,142 - basicLogger - INFO - Start Periodic Processing (ID: 2e08e171-8000-4ec9-992e-4967fff54117)
2022-02-18 23:13:22,151 - basicLogger - INFO - Start Periodic Processing (ID: 547212f6-44a7-4f2c-a7b3-9ffa5b6b1496)
2022-02-18 23:28:32,660 - basicLogger - INFO - Start Periodic Processing (ID: 31b40564-cb75-406b-a8d9-99225b5633ad)
2022-02-18 23:28:37,889 - basicLogger - INFO - No Data Updated (ID: 31b40564-cb75-406b-a8d9-99225b5633ad)
2022-02-18 23:28:42,650 - basicLogger - INFO - Start Periodic Processing (ID: 31697797-8436-42ea-bbde-9c2a5906d2da)
2022-02-18 23:28:47,131 - basicLogger - INFO - No Data Updated (ID: 31697797-8436-42ea-bbde-9c2a5906d2da)
2022-02-18 23:28:47,650 - basicLogger - INFO - Start Periodic Processing (ID: 04e94747-fb39-42b4-9c2a-4f7a7b547e90)
2022-02-18 23:28:52,158 - basicLogger - INFO - No Data Updated (ID: 04e94747-fb39-42b4-9c2a-4f7a7b547e90)
2022-02-18 23:28:52,662 - basicLogger - INFO - Start Periodic Processing (ID: c7f6535a-46b2-453e-bf17-51eabd62554c)
2022-02-18 23:28:57,441 - basicLogger - INFO - No Data Updated (ID: c7f6535a-46b2-453e-bf17-51eabd62554c)
2022-02-18 23:28:57,661 - basicLogger - INFO - Start Periodic Processing (ID: 2635fe8d-5186-4c59-98a6-eeb4a7ec93d7)
2022-02-18 23:29:02,650 - basicLogger - INFO - Start Periodic Processing (ID: 4ff46335-a7dc-432d-8c75-78cc573c8d52)
2022-02-18 23:29:07,657 - basicLogger - INFO - Start Periodic Processing (ID: 435756e2-99d2-46c0-9089-8659ebd8acde)
2022-02-18 23:41:07,981 - basicLogger - INFO - Start Periodic Processing (ID: 9c96bf9c-867e-4cf1-97fd-557b509579f7)
2022-02-18 23:41:12,495 - basicLogger - INFO - Finish Periodic Processing Successfully (ID: 9c96bf9c-867e-4cf1-97fd-557b509579f7)
2022-02-18 23:41:12,987 - basicLogger - INFO - Start Periodic Processing (ID: 241d8414-5cac-49bf-b029-c736d4fef49a)
2022-02-18 23:41:17,487 - basicLogger - INFO - No Data Updated (ID: 241d8414-5cac-49bf-b029-c736d4fef49a)
2022-02-18 23:41:17,978 - basicLogger - INFO - Start Periodic Processing (ID: a8d45fac-708b-4dff-b7eb-01d2940dd03c)
2022-02-18 23:41:22,757 - basicLogger - INFO - No Data Updated (ID: a8d45fac-708b-4dff-b7eb-01d2940dd03c)
2022-02-18 23:41:22,986 - basicLogger - INFO - Start Periodic Processing (ID: f917f2c4-301b-4041-86cd-59d1e87edec5)
2022-02-18 23:41:27,467 - basicLogger - INFO - No Data Updated (ID: f917f2c4-301b-4041-86cd-59d1e87edec5)
2022-02-18 23:41:27,982 - basicLogger - INFO - Start Periodic Processing (ID: 2e9dc87f-7fe0-4635-b519-c78667b41cac)
2022-02-18 23:41:32,818 - basicLogger - INFO - No Data Updated (ID: 2e9dc87f-7fe0-4635-b519-c78667b41cac)
2022-02-18 23:41:32,979 - basicLogger - INFO - Start Periodic Processing (ID: f4d671eb-8aec-4dbb-8791-26a0d2e330ad)
2022-02-18 23:41:37,451 - basicLogger - INFO - Finish Periodic Processing Successfully (ID: f4d671eb-8aec-4dbb-8791-26a0d2e330ad)
2022-02-18 23:41:37,982 - basicLogger - INFO - Start Periodic Processing (ID: 6cea32bf-622b-4e14-ad72-e3cab8b564ee)
2022-02-18 23:41:42,445 - basicLogger - INFO - Finish Periodic Processing Successfully (ID: 6cea32bf-622b-4e14-ad72-e3cab8b564ee)
2022-02-18 23:41:42,984 - basicLogger - INFO - Start Periodic Processing (ID: c56a8f8c-41a0-4cf7-9202-248e9b0da41e)
2022-02-18 23:41:47,491 - basicLogger - INFO - Finish Periodic Processing Successfully (ID: c56a8f8c-41a0-4cf7-9202-248e9b0da41e)
2022-02-18 23:41:47,985 - basicLogger - INFO - Start Periodic Processing (ID: 7e7e6fec-6a4a-4daa-89e8-c11ec016c5b1)
2022-02-18 23:41:52,464 - basicLogger - INFO - Finish Periodic Processing Successfully (ID: 7e7e6fec-6a4a-4daa-89e8-c11ec016c5b1)
2022-02-18 23:41:52,981 - basicLogger - INFO - Start Periodic Processing (ID: 7f4d0e7b-7997-45fc-84d3-a0fa5724add7)
2022-02-18 23:41:57,457 - basicLogger - INFO - Finish Periodic Processing Successfully (ID: 7f4d0e7b-7997-45fc-84d3-a0fa5724add7)
2022-02-18 23:41:57,983 - basicLogger - INFO - Start Periodic Processing (ID: aaec9eb8-70a4-49bd-9b1c-60cc9b0ada56)
2022-02-18 23:42:02,459 - basicLogger - INFO - Finish Periodic Processing Successfully (ID: aaec9eb8-70a4-49bd-9b1c-60cc9b0ada56)
2022-02-18 23:42:02,982 - basicLogger - INFO - Start Periodic Processing (ID: e3fd6e36-624c-4170-9ed4-f60f361abfbf)
2022-02-18 23:42:07,455 - basicLogger - INFO - Finish Periodic Processing Successfully (ID: e3fd6e36-624c-4170-9ed4-f60f361abfbf)
2022-02-18 23:42:07,980 - basicLogger - INFO - Start Periodic Processing (ID: 47953d23-11fa-4733-942b-279c00b2b7de)
2022-02-18 23:42:12,468 - basicLogger - INFO - Finish Periodic Processing Successfully (ID: 47953d23-11fa-4733-942b-279c00b2b7de)
2022-02-18 23:42:12,979 - basicLogger - INFO - Start Periodic Processing (ID: efad399d-9358-418f-9a91-89d4a07e45c5)
2022-02-18 23:42:17,452 - basicLogger - INFO - Finish Periodic Processing Successfully (ID: efad399d-9358-418f-9a91-89d4a07e45c5)
2022-02-18 23:42:17,987 - basicLogger - INFO - Start Periodic Processing (ID: 31e664ed-567c-475f-99d7-df63f0e526eb)
2022-02-18 23:42:22,475 - basicLogger - INFO - No Data Updated (ID: 31e664ed-567c-475f-99d7-df63f0e526eb)
2022-02-18 23:42:22,990 - basicLogger - INFO - Start Periodic Processing (ID: bb9a0023-97f9-4ed3-a3e1-10b13163cd3d)
2022-02-18 23:42:27,487 - basicLogger - INFO - No Data Updated (ID: bb9a0023-97f9-4ed3-a3e1-10b13163cd3d)
2022-02-18 23:42:27,987 - basicLogger - INFO - Start Periodic Processing (ID: d59f37ab-12dd-499e-9833-15d7837b8984)
2022-02-18 23:42:32,459 - basicLogger - INFO - No Data Updated (ID: d59f37ab-12dd-499e-9833-15d7837b8984)
2022-02-18 23:42:32,985 - basicLogger - INFO - Start Periodic Processing (ID: 584a1680-d788-484c-8e57-d86c46c5e053)
2022-02-18 23:42:37,445 - basicLogger - INFO - No Data Updated (ID: 584a1680-d788-484c-8e57-d86c46c5e053)
2022-02-18 23:42:37,990 - basicLogger - INFO - Start Periodic Processing (ID: b3decfff-fcc9-4ddd-933e-019d13658465)
2022-02-18 23:42:42,469 - basicLogger - INFO - No Data Updated (ID: b3decfff-fcc9-4ddd-933e-019d13658465)
2022-02-18 23:42:42,985 - basicLogger - INFO - Start Periodic Processing (ID: f19be03f-91a0-412e-8691-44bb764c2e6e)
2022-02-18 23:42:47,441 - basicLogger - INFO - No Data Updated (ID: f19be03f-91a0-412e-8691-44bb764c2e6e)
2022-02-18 23:42:47,976 - basicLogger - INFO - Start Periodic Processing (ID: 57a2eaa0-8796-4dd2-aba8-7b748b2b6b33)
2022-02-18 23:42:52,460 - basicLogger - INFO - No Data Updated (ID: 57a2eaa0-8796-4dd2-aba8-7b748b2b6b33)
2022-02-18 23:42:52,990 - basicLogger - INFO - Start Periodic Processing (ID: c3772216-cf3b-4aab-af97-7801847b3c2a)
2022-02-18 23:42:57,472 - basicLogger - INFO - No Data Updated (ID: c3772216-cf3b-4aab-af97-7801847b3c2a)
2022-02-18 23:42:57,977 - basicLogger - INFO - Start Periodic Processing (ID: 79baf0a6-19e6-412c-ba80-d5426b1dec98)
2022-02-18 23:43:02,475 - basicLogger - INFO - No Data Updated (ID: 79baf0a6-19e6-412c-ba80-d5426b1dec98)
2022-02-18 23:43:02,986 - basicLogger - INFO - Start Periodic Processing (ID: cfe98370-8f77-4b25-a21c-84e043455408)
2022-02-18 23:43:07,448 - basicLogger - INFO - No Data Updated (ID: cfe98370-8f77-4b25-a21c-84e043455408)
2022-02-18 23:43:07,978 - basicLogger - INFO - Start Periodic Processing (ID: 13f93ec3-bcc3-41f0-add7-92b1e3314452)
2022-02-18 23:43:12,458 - basicLogger - INFO - No Data Updated (ID: 13f93ec3-bcc3-41f0-add7-92b1e3314452)
2022-02-18 23:43:12,987 - basicLogger - INFO - Start Periodic Processing (ID: 376b151e-f0e5-4aa2-bc3f-928a1cc331f1)
2022-02-18 23:43:17,500 - basicLogger - INFO - Finish Periodic Processing Successfully (ID: 376b151e-f0e5-4aa2-bc3f-928a1cc331f1)
2022-02-18 23:43:17,983 - basicLogger - INFO - Start Periodic Processing (ID: 26ac0e6d-14e6-42cf-ad18-09a4235601c8)
2022-02-18 23:43:22,458 - basicLogger - INFO - Finish Periodic Processing Successfully (ID: 26ac0e6d-14e6-42cf-ad18-09a4235601c8)
2022-02-18 23:43:22,979 - basicLogger - INFO - Start Periodic Processing (ID: 31332e2e-cf62-4b6f-ae10-54ce26e83b91)
2022-02-18 23:43:27,437 - basicLogger - INFO - Finish Periodic Processing Successfully (ID: 31332e2e-cf62-4b6f-ae10-54ce26e83b91)
2022-02-18 23:43:27,981 - basicLogger - INFO - Start Periodic Processing (ID: d470031a-7d28-4d5c-8d00-3dc2ee10be45)
2022-02-18 23:43:32,454 - basicLogger - INFO - Finish Periodic Processing Successfully (ID: d470031a-7d28-4d5c-8d00-3dc2ee10be45)
2022-02-18 23:43:32,985 - basicLogger - INFO - Start Periodic Processing (ID: ff703b65-ab04-4977-8efc-1d9e6c795a57)
2022-02-18 23:43:37,498 - basicLogger - INFO - Finish Periodic Processing Successfully (ID: ff703b65-ab04-4977-8efc-1d9e6c795a57)
2022-02-18 23:43:37,977 - basicLogger - INFO - Start Periodic Processing (ID: 9fb45e30-9f19-456b-8d8f-3a8025c57f97)
2022-02-18 23:43:42,471 - basicLogger - INFO - Finish Periodic Processing Successfully (ID: 9fb45e30-9f19-456b-8d8f-3a8025c57f97)
2022-02-18 23:43:42,984 - basicLogger - INFO - Start Periodic Processing (ID: 5e19ef89-2157-43a8-a299-fc33a2db917e)
2022-02-18 23:43:47,501 - basicLogger - INFO - Finish Periodic Processing Successfully (ID: 5e19ef89-2157-43a8-a299-fc33a2db917e)
2022-02-18 23:43:47,991 - basicLogger - INFO - Start Periodic Processing (ID: 498f5118-a828-4e96-ae94-7f200e41c66b)
2022-02-18 23:43:52,468 - basicLogger - INFO - Finish Periodic Processing Successfully (ID: 498f5118-a828-4e96-ae94-7f200e41c66b)
2022-02-18 23:43:52,986 - basicLogger - INFO - Start Periodic Processing (ID: a86b7135-325a-459b-92d4-a2f13d27972b)
2022-02-18 23:43:57,449 - basicLogger - INFO - Finish Periodic Processing Successfully (ID: a86b7135-325a-459b-92d4-a2f13d27972b)
2022-02-18 23:43:57,980 - basicLogger - INFO - Start Periodic Processing (ID: c1cdec57-273a-4bfc-a050-214269035a20)
2022-02-18 23:44:02,447 - basicLogger - INFO - No Data Updated (ID: c1cdec57-273a-4bfc-a050-214269035a20)
2022-02-18 23:44:02,983 - basicLogger - INFO - Start Periodic Processing (ID: 8fcabd29-76a4-4468-87a2-5bbe889e1f00)
2022-02-18 23:44:07,437 - basicLogger - INFO - No Data Updated (ID: 8fcabd29-76a4-4468-87a2-5bbe889e1f00)
2022-02-18 23:44:07,984 - basicLogger - INFO - Start Periodic Processing (ID: 076df141-e449-4fd7-bbfa-9b9c0f7507ef)
2022-02-18 23:44:12,453 - basicLogger - INFO - No Data Updated (ID: 076df141-e449-4fd7-bbfa-9b9c0f7507ef)
2022-02-18 23:44:12,986 - basicLogger - INFO - Start Periodic Processing (ID: 48f1e0f1-8a1e-4a30-86df-555a9cd514f6)
2022-02-18 23:44:17,453 - basicLogger - INFO - No Data Updated (ID: 48f1e0f1-8a1e-4a30-86df-555a9cd514f6)
2022-02-18 23:44:17,978 - basicLogger - INFO - Start Periodic Processing (ID: dcdcb769-9bc4-4f0e-aa2a-50df8b620f73)
2022-02-18 23:44:22,436 - basicLogger - INFO - No Data Updated (ID: dcdcb769-9bc4-4f0e-aa2a-50df8b620f73)
2022-02-18 23:44:22,990 - basicLogger - INFO - Start Periodic Processing (ID: be307630-64bd-4b00-818e-820d35211a45)
2022-02-18 23:44:27,464 - basicLogger - INFO - No Data Updated (ID: be307630-64bd-4b00-818e-820d35211a45)
2022-02-18 23:44:27,991 - basicLogger - INFO - Start Periodic Processing (ID: fbb65bad-5ec8-429c-8707-7873eb15e85c)
2022-02-18 23:44:32,459 - basicLogger - INFO - No Data Updated (ID: fbb65bad-5ec8-429c-8707-7873eb15e85c)
2022-02-18 23:44:32,992 - basicLogger - INFO - Start Periodic Processing (ID: 13220ead-ad4e-43d7-b74b-c9492845fc28)
2022-02-18 23:44:37,462 - basicLogger - INFO - No Data Updated (ID: 13220ead-ad4e-43d7-b74b-c9492845fc28)
2022-02-18 23:44:37,981 - basicLogger - INFO - Start Periodic Processing (ID: 9afbbb0d-f851-4d43-833a-d5475b9fe0e2)
2022-02-18 23:44:42,459 - basicLogger - INFO - No Data Updated (ID: 9afbbb0d-f851-4d43-833a-d5475b9fe0e2)
2022-02-18 23:44:42,989 - basicLogger - INFO - Start Periodic Processing (ID: e695dc8c-4f29-4a84-ad33-99720b820222)
2022-02-18 23:44:47,475 - basicLogger - INFO - No Data Updated (ID: e695dc8c-4f29-4a84-ad33-99720b820222)
2022-02-18 23:44:47,987 - basicLogger - INFO - Start Periodic Processing (ID: e85071cb-ef6d-4f32-a66c-52fa58f387c1)
2022-02-18 23:44:52,463 - basicLogger - INFO - No Data Updated (ID: e85071cb-ef6d-4f32-a66c-52fa58f387c1)
2022-02-18 23:44:52,988 - basicLogger - INFO - Start Periodic Processing (ID: 64b59811-91bc-4228-8391-76359e9ddb4a)
2022-02-18 23:44:57,454 - basicLogger - INFO - No Data Updated (ID: 64b59811-91bc-4228-8391-76359e9ddb4a)
2022-02-18 23:44:57,986 - basicLogger - INFO - Start Periodic Processing (ID: e45b8dd9-f236-4e12-9f64-66197abe8df3)
2022-02-18 23:45:02,467 - basicLogger - INFO - No Data Updated (ID: e45b8dd9-f236-4e12-9f64-66197abe8df3)
2022-02-18 23:54:46,686 - basicLogger - INFO - Start Periodic Processing (ID: 21ab8d73-218e-4ed3-ae3b-c540b4b5641b)
2022-02-18 23:54:51,680 - basicLogger - INFO - Start Periodic Processing (ID: 5fcab0ef-ca28-441e-8e9f-dd0740f73f75)
2022-02-18 23:54:56,672 - basicLogger - INFO - Start Periodic Processing (ID: 439a3b40-7d87-4495-b4d4-fb035f39c9f1)
2022-02-18 23:55:01,904 - basicLogger - INFO - No Data Updated (ID: 439a3b40-7d87-4495-b4d4-fb035f39c9f1)
2022-02-18 23:55:06,676 - basicLogger - INFO - Start Periodic Processing (ID: 0753c263-1699-4e35-ac2a-9763cc38a060)
2022-02-18 23:55:11,138 - basicLogger - INFO - No Data Updated (ID: 0753c263-1699-4e35-ac2a-9763cc38a060)
2022-02-18 23:55:11,681 - basicLogger - INFO - Start Periodic Processing (ID: 6cf9b128-d72c-4b07-9fe0-71ef1aea3779)
2022-02-18 23:55:16,158 - basicLogger - INFO - No Data Updated (ID: 6cf9b128-d72c-4b07-9fe0-71ef1aea3779)
2022-02-18 23:55:16,686 - basicLogger - INFO - Start Periodic Processing (ID: 792301b6-7303-41e3-99dc-0f46d2ff7508)
2022-02-18 23:55:21,143 - basicLogger - INFO - No Data Updated (ID: 792301b6-7303-41e3-99dc-0f46d2ff7508)
2022-02-18 23:55:21,683 - basicLogger - INFO - Start Periodic Processing (ID: 488a295d-a595-474e-bc30-7bad0b982356)
2022-02-18 23:55:26,144 - basicLogger - INFO - No Data Updated (ID: 488a295d-a595-474e-bc30-7bad0b982356)
2022-02-18 23:55:26,683 - basicLogger - INFO - Start Periodic Processing (ID: 3252f77c-049f-41f7-80cb-f7caf0e970f1)
2022-02-18 23:55:31,147 - basicLogger - INFO - No Data Updated (ID: 3252f77c-049f-41f7-80cb-f7caf0e970f1)
2022-02-18 23:55:31,680 - basicLogger - INFO - Start Periodic Processing (ID: dc539c3d-4acb-429a-bc7a-894bbf0c9cba)
2022-02-18 23:55:36,156 - basicLogger - INFO - No Data Updated (ID: dc539c3d-4acb-429a-bc7a-894bbf0c9cba)
